<?xml version="1.0" encoding="UTF-8"?>
<testng-results ignored="0" total="1" passed="1" failed="0" skipped="0">
  <reporter-output>
  </reporter-output>
  <suite started-at="2022-10-04T15:21:07 IST" name="Default suite" finished-at="2022-10-04T15:21:10 IST" duration-ms="2866">
    <groups>
    </groups>
    <test started-at="2022-10-04T15:21:07 IST" name="Default test" finished-at="2022-10-04T15:21:10 IST" duration-ms="2866">
      <class name="com.demoGithub.practice.PushDemo">
        <test-method signature="test()[pri:0, instance:com.demoGithub.practice.PushDemo@25084a1e]" started-at="2022-10-04T15:21:07 IST" name="test" finished-at="2022-10-04T15:21:10 IST" duration-ms="2831" status="PASS">
          <reporter-output>
          </reporter-output>
        </test-method> <!-- test -->
      </class> <!-- com.demoGithub.practice.PushDemo -->
    </test> <!-- Default test -->
  </suite> <!-- Default suite -->
</testng-results>
